<?xml version="1.0" encoding="UTF-8" ?>
<testsuite errors="0" failures="0" hostname="fangorn" name="lib.math.TextoTest" tests="5" time="0.125" timestamp="2009-05-21T00:12:50">
  <properties>
    <property name="default.javac.source" value="1.6" />
    <property name="file.encoding.pkg" value="sun.io" />
    <property name="libs.toplink.maven-pom" value="" />
    <property name="javac.source" value="1.5" />
    <property name="netbeans.system_http_proxy" value="DIRECT" />
    <property name="java.home" value="C:\Program Files\Java\jdk1.6.0_12\jre" />
    <property name="test.src.dir" value="test" />
    <property name="libs.jaxws21.src" value="" />
    <property name="javadoc.version" value="false" />
    <property name="libs.CopyLibs.classpath" value="C:\Program Files\NetBeans 6.7 M2\java2\ant\extra\org-netbeans-modules-java-j2seproject-copylibstask.jar" />
    <property name="libs.javac-api.src" value="" />
    <property name="java.endorsed.dirs" value="C:\Program Files\Java\jdk1.6.0_12\jre\lib\endorsed" />
    <property name="libs.MySQLDriver.classpath" value="C:\Program Files\NetBeans 6.7 M2\ide11\modules\ext\mysql-connector-java-5.1.6-bin.jar" />
    <property name="libs.jaxb.javadoc" value="" />
    <property name="libs.junit.maven-pom" value="" />
    <property name="libs.PostgreSQLDriver.src" value="" />
    <property name="src.dir" value="src" />
    <property name="sun.java2d.noddraw" value="true" />
    <property name="nbplatform.default.harness.dir" value="C:\Program Files\NetBeans 6.7 M2/harness" />
    <property name="debug-args-line" value="-Xdebug" />
    <property name="build.sysclasspath" value="ignore" />
    <property name="have.sources" value="true" />
    <property name="includes" value="**" />
    <property name="source.encoding" value="UTF-8" />
    <property name="libs.jaxws21.classpath" value="C:\Program Files\NetBeans 6.7 M2\ide11\modules\ext\jaxb\activation.jar;C:\Program Files\NetBeans 6.7 M2\ide11\modules\ext\jaxb\api\jaxb-api.jar;C:\Program Files\NetBeans 6.7 M2\ide11\modules\ext\jaxb\jaxb-impl.jar;C:\Program Files\NetBeans 6.7 M2\ide11\modules\ext\jaxb\jaxb-xjc.jar;C:\Program Files\NetBeans 6.7 M2\ide11\modules\ext\jaxb\api\jsr173_api.jar;C:\Program Files\NetBeans 6.7 M2\java2\modules\ext\jaxws21\FastInfoset.jar;C:\Program Files\NetBeans 6.7 M2\java2\modules\ext\jaxws21\http.jar;C:\Program Files\NetBeans 6.7 M2\java2\modules\ext\jaxws21\api\jaxws-api.jar;C:\Program Files\NetBeans 6.7 M2\java2\modules\ext\jaxws21\jaxws-rt.jar;C:\Program Files\NetBeans 6.7 M2\java2\modules\ext\jaxws21\jaxws-tools.jar;C:\Program Files\NetBeans 6.7 M2\java2\modules\ext\jaxws21\api\jsr181-api.jar;C:\Program Files\NetBeans 6.7 M2\java2\modules\ext\jaxws21\api\jsr250-api.jar;C:\Program Files\NetBeans 6.7 M2\java2\modules\ext\jaxws21\mimepull.jar;C:\Program Files\NetBeans 6.7 M2\java2\modules\ext\jaxws21\api\saaj-api.jar;C:\Program Files\NetBeans 6.7 M2\java2\modules\ext\jaxws21\saaj-impl.jar;C:\Program Files\NetBeans 6.7 M2\java2\modules\ext\jaxws21\sjsxp.jar;C:\Program Files\NetBeans 6.7 M2\java2\modules\ext\jaxws21\stax-ex.jar;C:\Program Files\NetBeans 6.7 M2\java2\modules\ext\jaxws21\streambuffer.jar" />
    <property name="libs.swing-app-framework.javadoc" value="C:\Program Files\NetBeans 6.7 M2\java2\docs\appframework-1.0.3-doc.zip" />
    <property name="sun.os.patch.level" value="Service Pack 3" />
    <property name="java.vendor.url" value="http://java.sun.com/" />
    <property name="java.version" value="1.6.0_12" />
    <property name="nb.show.statistics.ui" value="usageStatisticsEnabled" />
    <property name="javac.debug" value="true" />
    <property name="org.openide.major.version" value="IDE/1" />
    <property name="run.classpath" value=":build/classes" />
    <property name="libs.PostgreSQLDriver.maven-pom" value="" />
    <property name="java.vendor.url.bug" value="http://java.sun.com/cgi-bin/bugreport.cgi" />
    <property name="libs.absolutelayout.javadoc" value="" />
    <property name="libs.junit_4.maven-pom" value="" />
    <property name="netbeans.buildnumber" value="200902231810" />
    <property name="manifest.file" value="manifest.mf" />
    <property name="libs.swing-app-framework.maven-pom" value="" />
    <property name="user.name" value="Administrator" />
    <property name="sun.io.unicode.encoding" value="UnicodeLittle" />
    <property name="sun.jnu.encoding" value="Cp1252" />
    <property name="java.runtime.name" value="Java(TM) SE Runtime Environment" />
    <property name="jdk.home" value="C:\Program Files\Java\jdk1.6.0_12" />
    <property name="sun.awt.keepWorkingSetOnMinimize" value="true" />
    <property name="org.openide.TopManager" value="org.netbeans.core.NonGui" />
    <property name="netbeans.dirs" value="C:\Program Files\NetBeans 6.7 M2\nb6.7;C:\Program Files\NetBeans 6.7 M2\ergonomics1;C:\Program Files\NetBeans 6.7 M2\ide11;C:\Program Files\NetBeans 6.7 M2\java2;C:\Program Files\NetBeans 6.7 M2\xml2;C:\Program Files\NetBeans 6.7 M2\apisupport1;C:\Program Files\NetBeans 6.7 M2\webcommon1;C:\Program Files\NetBeans 6.7 M2\websvccommon1;C:\Program Files\NetBeans 6.7 M2\enterprise5;C:\Program Files\NetBeans 6.7 M2\mobility8;C:\Program Files\NetBeans 6.7 M2\profiler3;C:\Program Files\NetBeans 6.7 M2\gsf1;C:\Program Files\NetBeans 6.7 M2\ruby2;C:\Program Files\NetBeans 6.7 M2\python1;C:\Program Files\NetBeans 6.7 M2\php1;C:\Program Files\NetBeans 6.7 M2\visualweb2;C:\Program Files\NetBeans 6.7 M2\soa2;C:\Program Files\NetBeans 6.7 M2\identity2;C:\Program Files\NetBeans 6.7 M2\uml6;C:\Program Files\NetBeans 6.7 M2\harness;C:\Program Files\NetBeans 6.7 M2\cnd2;C:\Program Files\NetBeans 6.7 M2\groovy1;C:\Program Files\NetBeans 6.7 M2\extra;C:\Program Files\NetBeans 6.7 M2\javafx2" />
    <property name="java.specification.name" value="Java Platform API Specification" />
    <property name="javadoc.author" value="false" />
    <property name="libs.hibernate-support.javadoc" value="" />
    <property name="user.timezone" value="" />
    <property name="manifest.available" value="true" />
    <property name="libs.spring-framework.maven-pom" value="" />
    <property name="libs.swing-layout.maven-pom" value="" />
    <property name="libs.junit.javadoc" value="C:\Program Files\NetBeans 6.7 M2\java2\docs\junit-3.8.2-api.zip" />
    <property name="org.openide.specification.version" value="6.2" />
    <property name="path.separator" value=";" />
    <property name="version-output" value="java version &quot;1.6" />
    <property name="libs.ejb3-persistence.src" value="" />
    <property name="libs.absolutelayout.classpath" value="C:\Program Files\NetBeans 6.7 M2\java2\modules\ext\AbsoluteLayout.jar" />
    <property name="libs.jaxb.maven-pom" value="" />
    <property name="netbeans.accept_license_class" value="org.netbeans.license.AcceptLicense" />
    <property name="file.encoding" value="Cp1252" />
    <property name="dist.javadoc.dir" value="dist/javadoc" />
    <property name="libs.hibernate-persistence.javadoc" value="" />
    <property name="libs.ejb3-persistence.classpath" value="C:\Program Files\NetBeans 6.7 M2\java2\modules\ext\hibernate\ejb3-persistence.jar" />
    <property name="https.nonProxyHosts" value="localhost|127.0.0.1|fangorn" />
    <property name="libs.junit.src" value="" />
    <property name="ant.file" value="D:\Data\Documentos\Ort\Algoritmos y Estructuras de Datos\Code\common\build.xml" />
    <property name="libs.junit_4.src" value="C:\Program Files\NetBeans 6.7 M2\java2\docs\junit-4.5-src.jar" />
    <property name="java.io.tmpdir" value="C:\DOCUME~1\ADMINI~1\LOCALS~1\Temp\" />
    <property name="build.test.results.dir" value="build/test/results" />
    <property name="user.language" value="es" />
    <property name="line.separator" value="
" />
    <property name="apple.laf.useScreenMenuBar" value="true" />
    <property name="libs.absolutelayout.src" value="" />
    <property name="javac.compilerargs" value="" />
    <property name="libs.hibernate-support.maven-pom" value="" />
    <property name="jar.compress" value="false" />
    <property name="debug-transport-by-os" value="dt_shmem" />
    <property name="libs.JWSAntTasks.src" value="" />
    <property name="javac.compilerargs.jaxws" value="" />
    <property name="libs.hibernate-persistence.maven-pom" value="" />
    <property name="java.vm.info" value="mixed mode" />
    <property name="libs.javac-api.maven-pom" value="" />
    <property name="javadoc.private" value="false" />
    <property name="sun.desktop" value="windows" />
    <property name="java.vm.specification.name" value="Java Virtual Machine Specification" />
    <property name="build.test.classes.dir" value="build/test/classes" />
    <property name="libs.jaxb.src" value="" />
    <property name="jaxws.endorsed.dir" value="C:\Program Files\NetBeans 6.7 M2\java2\modules\ext\jaxws21\api:C:\Program Files\NetBeans 6.7 M2\ide11\modules\ext\jaxb\api" />
    <property name="libs.MySQLDriver.javadoc" value="" />
    <property name="netbeans.dynamic.classpath" value="C:\Program Files\NetBeans 6.7 M2\platform10\core\core.jar;C:\Program Files\NetBeans 6.7 M2\platform10\core\org-openide-filesystems.jar;C:\Program Files\NetBeans 6.7 M2\nb6.7\core\org-netbeans-upgrader.jar;C:\Program Files\NetBeans 6.7 M2\nb6.7\core\locale\core_nb.jar" />
    <property name="libs.beans-binding.javadoc" value="C:\Program Files\NetBeans 6.7 M2\java2\docs\beansbinding-1.2.1-doc.zip" />
    <property name="platform.active" value="default_platform" />
    <property name="ant.file.common" value="D:\Data\Documentos\Ort\Algoritmos y Estructuras de Datos\Code\common\build.xml" />
    <property name="http.nonProxyHosts" value="localhost|127.0.0.1|fangorn" />
    <property name="libs.junit_4.javadoc" value="C:\Program Files\NetBeans 6.7 M2\java2\docs\junit-4.5-api.zip" />
    <property name="libs.spring-framework.src" value="" />
    <property name="libs.beans-binding.maven-pom" value="" />
    <property name="javadoc.encoding" value="UTF-8" />
    <property name="java.awt.printerjob" value="sun.awt.windows.WPrinterJob" />
    <property name="dist.jar" value="dist/common.jar" />
    <property name="meta.inf.dir" value="src/META-INF" />
    <property name="ant.version" value="Apache Ant version 1.7.1 compiled on June 27 2008" />
    <property name="netbeans.home" value="C:\Program Files\NetBeans 6.7 M2\platform10" />
    <property name="javadoc.nonavbar" value="false" />
    <property name="user.properties.file" value="C:\Documents and Settings\Administrator\.netbeans\6.7m2\build.properties" />
    <property name="libs.JWSAntTasks.classpath" value="C:\Program Files\NetBeans 6.7 M2\java2\ant\extra\org-netbeans-modules-javawebstart-anttasks.jar" />
    <property name="libs.toplink.classpath" value="C:\Program Files\NetBeans 6.7 M2\java2\modules\ext\toplink\toplink-essentials.jar;C:\Program Files\NetBeans 6.7 M2\java2\modules\ext\toplink\toplink-essentials-agent.jar" />
    <property name="netbeans.importclass" value="org.netbeans.upgrade.AutoUpgrade" />
    <property name="libs.spring-framework.javadoc" value="" />
    <property name="libs.CopyLibs.maven-pom" value="" />
    <property name="useJavaUtilZip" value="true" />
    <property name="build.generated.dir" value="build/generated" />
    <property name="netbeans.home+have.tests" value="true" />
    <property name="os.name" value="Windows XP" />
    <property name="java.specification.vendor" value="Sun Microsystems Inc." />
    <property name="run.test.classpath" value=":build/classes:C:\Program Files\NetBeans 6.7 M2\platform10\modules\ext\junit-4.5.jar:build/test/classes" />
    <property name="java.vm.name" value="Java HotSpot(TM) Client VM" />
    <property name="libs.CopyLibs.src" value="" />
    <property name="org.openide.version" value="deprecated" />
    <property name="libs.junit.classpath" value="C:\Program Files\NetBeans 6.7 M2\java2\modules\ext\junit-3.8.2.jar" />
    <property name="libs.beans-binding.src" value="" />
    <property name="java.library.path" value="C:\Program Files\Java\jdk1.6.0_12\jre\bin;.;C:\WINDOWS\Sun\Java\bin;C:\WINDOWS\system32;C:\WINDOWS;C:\Program Files\PC Connectivity Solution\;C:\WINDOWS\system32;C:\WINDOWS;C:\WINDOWS\System32\Wbem;D:\Data\Programas\Programas\Unix\usr\local\wbin;C:\Program Files\Support Tools\;C:\Program Files\TortoiseSVN\bin;C:\Program Files\Common Files\Teleca Shared" />
    <property name="libs.PostgreSQLDriver.javadoc" value="" />
    <property name="libs.toplink.javadoc" value="" />
    <property name="ant.java.version" value="1.6" />
    <property name="basedir" value="D:\Data\Documentos\Ort\Algoritmos y Estructuras de Datos\Code\common" />
    <property name="javadoc.noindex" value="false" />
    <property name="java.class.version" value="50.0" />
    <property name="sun.awt.exception.handler" value="org.netbeans.core.startup.TopLogging$AWTHandler" />
    <property name="javac.test.classpath" value=":build/classes:C:\Program Files\NetBeans 6.7 M2\platform10\modules\ext\junit-4.5.jar" />
    <property name="ant.home" value="C:\Program Files\NetBeans 6.7 M2\java2\ant" />
    <property name="libs.hibernate-persistence.src" value="" />
    <property name="javadoc.splitindex" value="true" />
    <property name="libs.toplink.src" value="" />
    <property name="libs.javac-api.javadoc" value="" />
    <property name="javadoc.preview" value="true" />
    <property name="libs.MySQLDriver.maven-pom" value="" />
    <property name="libs.CopyLibs.javadoc" value="" />
    <property name="libs.PostgreSQLDriver.classpath" value="C:\Program Files\NetBeans 6.7 M2\ide11\modules\ext\postgresql-8.3-603.jdbc3.jar" />
    <property name="libs.junit_4.classpath" value="C:\Program Files\NetBeans 6.7 M2\platform10\modules\ext\junit-4.5.jar" />
    <property name="libs.jaxws21.maven-pom" value="" />
    <property name="sun.boot.library.path" value="C:\Program Files\Java\jdk1.6.0_12\jre\bin" />
    <property name="build.dir" value="build" />
    <property name="sun.management.compiler" value="HotSpot Client Compiler" />
    <property name="libs.swing-app-framework.classpath" value="C:\Program Files\NetBeans 6.7 M2\java2\modules\ext\appframework-1.0.3.jar;C:\Program Files\NetBeans 6.7 M2\java2\modules\ext\swing-worker-1.1.jar" />
    <property name="libs.ejb3-persistence.javadoc" value="" />
    <property name="java.awt.graphicsenv" value="sun.awt.Win32GraphicsEnvironment" />
    <property name="netbeans.logger.console" value="true" />
    <property name="user.variant" value="" />
    <property name="javadoc.encoding.used" value="UTF-8" />
    <property name="ant.file.common-impl" value="D:\Data\Documentos\Ort\Algoritmos y Estructuras de Datos\Code\common\nbproject\build-impl.xml" />
    <property name="javadoc.windowtitle" value="" />
    <property name="libs.hibernate-support.src" value="" />
    <property name="build.generated.sources.dir" value="build/generated-sources" />
    <property name="run.jvmargs" value="" />
    <property name="build.compiler.emacs" value="true" />
    <property name="ant.project.name" value="common" />
    <property name="libs.spring-framework.classpath" value="C:\Program Files\NetBeans 6.7 M2\ide11\modules\ext\commons-logging-1.1.jar;C:\Program Files\NetBeans 6.7 M2\java2\modules\ext\cglib-2.2.jar;C:\Program Files\NetBeans 6.7 M2\java2\modules\ext\spring\spring-2.5.jar" />
    <property name="libs.swing-layout.classpath" value="C:\Program Files\NetBeans 6.7 M2\platform10\modules\ext\swing-layout-1.0.3.jar" />
    <property name="java.vm.specification.version" value="1.0" />
    <property name="libs.jaxb.classpath" value="C:\Program Files\NetBeans 6.7 M2\ide11\modules\ext\jaxb\activation.jar;C:\Program Files\NetBeans 6.7 M2\ide11\modules\ext\jaxb\api\jaxb-api.jar;C:\Program Files\NetBeans 6.7 M2\ide11\modules\ext\jaxb\jaxb-impl.jar;C:\Program Files\NetBeans 6.7 M2\ide11\modules\ext\jaxb\jaxb-xjc.jar;C:\Program Files\NetBeans 6.7 M2\ide11\modules\ext\jaxb\api\jsr173_api.jar" />
    <property name="work.dir" value="D:\Data\Documentos\Ort\Algoritmos y Estructuras de Datos\Code\common" />
    <property name="awt.toolkit" value="sun.awt.windows.WToolkit" />
    <property name="javadoc.use" value="true" />
    <property name="sun.cpu.isalist" value="" />
    <property name="java.ext.dirs" value="C:\Program Files\Java\jdk1.6.0_12\jre\lib\ext;C:\WINDOWS\Sun\Java\lib\ext" />
    <property name="os.version" value="5.1" />
    <property name="excludes" value="" />
    <property name="user.home" value="C:\Documents and Settings\Administrator" />
    <property name="org.xml.sax.driver" value="com.sun.org.apache.xerces.internal.jaxp.SAXParserImpl$JAXPSAXParser" />
    <property name="java.vm.vendor" value="Sun Microsystems Inc." />
    <property name="libs.absolutelayout.maven-pom" value="" />
    <property name="user.dir" value="D:\Data\Documentos\Ort\Algoritmos y Estructuras de Datos\Code\common" />
    <property name="org.openide.TopManager.GUI" value="true" />
    <property name="debug-transport" value="dt_shmem" />
    <property name="libs.ejb3-persistence.maven-pom" value="" />
    <property name="application.args" value="" />
    <property name="sun.cpu.endian" value="little" />
    <property name="compile.on.save" value="true" />
    <property name="libs.hibernate-support.classpath" value="C:\Program Files\NetBeans 6.7 M2\java2\modules\ext\hibernate\antlr-2.7.6.jar;C:\Program Files\NetBeans 6.7 M2\java2\modules\ext\hibernate\asm.jar;C:\Program Files\NetBeans 6.7 M2\java2\modules\ext\hibernate\asm-attrs.jar;C:\Program Files\NetBeans 6.7 M2\java2\modules\ext\hibernate\cglib-2.1.3.jar;C:\Program Files\NetBeans 6.7 M2\java2\modules\ext\hibernate\commons-collections-2.1.1.jar;C:\Program Files\NetBeans 6.7 M2\ide11\modules\ext\commons-logging-1.1.jar;C:\Program Files\NetBeans 6.7 M2\java2\modules\ext\hibernate\dom4j-1.6.1.jar;C:\Program Files\NetBeans 6.7 M2\java2\modules\ext\hibernate\ehcache-1.2.3.jar;C:\Program Files\NetBeans 6.7 M2\java2\modules\ext\hibernate\jdbc2_0-stdext.jar;C:\Program Files\NetBeans 6.7 M2\java2\modules\ext\hibernate\jta.jar;C:\Program Files\NetBeans 6.7 M2\java2\modules\ext\hibernate\hibernate3.jar;C:\Program Files\NetBeans 6.7 M2\java2\modules\ext\hibernate\hibernate-tools.jar;C:\Program Files\NetBeans 6.7 M2\java2\modules\ext\hibernate\hibernate-annotations.jar;C:\Program Files\NetBeans 6.7 M2\java2\modules\ext\hibernate\hibernate-commons-annotations.jar;C:\Program Files\NetBeans 6.7 M2\java2\modules\ext\hibernate\hibernate-entitymanager.jar;C:\Program Files\NetBeans 6.7 M2\java2\modules\ext\hibernate\javassist.jar" />
    <property name="libs.MySQLDriver.src" value="" />
    <property name="java.vm.version" value="11.2-b01" />
    <property name="java.class.path" value="D:\Data\Documentos\Ort\Algoritmos y Estructuras de Datos\Code\common\build\classes;C:\Program Files\NetBeans 6.7 M2\platform10\modules\ext\junit-4.5.jar;D:\Data\Documentos\Ort\Algoritmos y Estructuras de Datos\Code\common\build\test\classes;C:\Program Files\NetBeans 6.7 M2\java2\ant\lib\ant-launcher.jar;C:\Program Files\NetBeans 6.7 M2\java2\ant\lib\ant.jar;C:\Program Files\NetBeans 6.7 M2\java2\ant\patches\72080.jar" />
    <property name="libs.hibernate-persistence.classpath" value="C:\Program Files\NetBeans 6.7 M2\java2\modules\ext\hibernate\antlr-2.7.6.jar;C:\Program Files\NetBeans 6.7 M2\java2\modules\ext\hibernate\asm.jar;C:\Program Files\NetBeans 6.7 M2\java2\modules\ext\hibernate\asm-attrs.jar;C:\Program Files\NetBeans 6.7 M2\java2\modules\ext\hibernate\cglib-2.1.3.jar;C:\Program Files\NetBeans 6.7 M2\java2\modules\ext\hibernate\commons-collections-2.1.1.jar;C:\Program Files\NetBeans 6.7 M2\ide11\modules\ext\commons-logging-1.1.jar;C:\Program Files\NetBeans 6.7 M2\java2\modules\ext\hibernate\dom4j-1.6.1.jar;C:\Program Files\NetBeans 6.7 M2\java2\modules\ext\hibernate\ehcache-1.2.3.jar;C:\Program Files\NetBeans 6.7 M2\java2\modules\ext\hibernate\jdbc2_0-stdext.jar;C:\Program Files\NetBeans 6.7 M2\java2\modules\ext\hibernate\jta.jar;C:\Program Files\NetBeans 6.7 M2\java2\modules\ext\hibernate\hibernate3.jar;C:\Program Files\NetBeans 6.7 M2\java2\modules\ext\hibernate\hibernate-tools.jar;C:\Program Files\NetBeans 6.7 M2\java2\modules\ext\hibernate\hibernate-annotations.jar;C:\Program Files\NetBeans 6.7 M2\java2\modules\ext\hibernate\hibernate-commons-annotations.jar;C:\Program Files\NetBeans 6.7 M2\java2\modules\ext\hibernate\hibernate-entitymanager.jar;C:\Program Files\NetBeans 6.7 M2\java2\modules\ext\hibernate\javassist.jar;C:\Program Files\NetBeans 6.7 M2\java2\modules\ext\hibernate\ejb3-persistence.jar" />
    <property name="os.arch" value="x86" />
    <property name="javac.deprecation" value="false" />
    <property name="nbplatform.default.netbeans.dest.dir" value="C:\Program Files\NetBeans 6.7 M2" />
    <property name="build.classes.excludes" value="**/*.java,**/*.form" />
    <property name="dist.dir" value="dist" />
    <property name="netbeans.user" value="C:\Documents and Settings\Administrator\.netbeans\6.7m2" />
    <property name="debug.classpath" value=":build/classes" />
    <property name="sun.java.launcher" value="SUN_STANDARD" />
    <property name="ant.core.lib" value="C:\Program Files\NetBeans 6.7 M2\java2\ant\lib\ant.jar" />
    <property name="java.vm.specification.vendor" value="Sun Microsystems Inc." />
    <property name="do.depend" value="false" />
    <property name="file.separator" value="\" />
    <property name="java.runtime.version" value="1.6.0_12-b04" />
    <property name="sun.boot.class.path" value="C:\Program Files\Java\jdk1.6.0_12\jre\lib\resources.jar;C:\Program Files\Java\jdk1.6.0_12\jre\lib\rt.jar;C:\Program Files\Java\jdk1.6.0_12\jre\lib\sunrsasign.jar;C:\Program Files\Java\jdk1.6.0_12\jre\lib\jsse.jar;C:\Program Files\Java\jdk1.6.0_12\jre\lib\jce.jar;C:\Program Files\Java\jdk1.6.0_12\jre\lib\charsets.jar;C:\Program Files\Java\jdk1.6.0_12\jre\classes" />
    <property name="debug.test.classpath" value=":build/classes:C:\Program Files\NetBeans 6.7 M2\platform10\modules\ext\junit-4.5.jar:build/test/classes" />
    <property name="libs.beans-binding.classpath" value="C:\Program Files\NetBeans 6.7 M2\java2\modules\ext\beansbinding-1.2.1.jar" />
    <property name="main.class" value="" />
    <property name="have.tests" value="true" />
    <property name="libs.JWSAntTasks.maven-pom" value="" />
    <property name="java.util.logging.config.class" value="org.netbeans.core.startup.TopLogging" />
    <property name="libs.javac-api.classpath" value="C:\Program Files\NetBeans 6.7 M2\java2\modules\ext\javac-api-nb-7.0-b07.jar" />
    <property name="user.country" value="UY" />
    <property name="javadoc.notree" value="false" />
    <property name="libs.jaxws21.javadoc" value="C:\Program Files\NetBeans 6.7 M2\java2\docs\jaxws-2_1-api-doc.zip" />
    <property name="default.javac.target" value="1.6" />
    <property name="javadoc.additionalparam" value="" />
    <property name="javac.classpath" value="" />
    <property name="build.classes.dir" value="build/classes" />
    <property name="libs.swing-layout.javadoc" value="C:\Program Files\NetBeans 6.7 M2\platform10\docs\swing-layout-1.0.3-doc.zip" />
    <property name="libs.swing-layout.src" value="C:\Program Files\NetBeans 6.7 M2\platform10\docs\swing-layout-1.0.3-src.zip" />
    <property name="javac.target" value="1.5" />
    <property name="java.vendor" value="Sun Microsystems Inc." />
    <property name="libs.swing-app-framework.src" value="" />
    <property name="java.specification.version" value="1.6" />
    <property name="libs.JWSAntTasks.javadoc" value="" />
    <property name="sun.arch.data.model" value="32" />
  </properties>
  <testcase classname="lib.math.TextoTest" name="testAnagramaUnico" time="0.0" />
  <testcase classname="lib.math.TextoTest" name="testAnagramasSinCoincidencia" time="0.0" />
  <testcase classname="lib.math.TextoTest" name="testAnagramasTodasCoincidencias" time="0.016" />
  <testcase classname="lib.math.TextoTest" name="testAnagramasAlgunasCoincidencias" time="0.0" />
  <testcase classname="lib.math.TextoTest" name="testAnagramasCapitalizacion" time="0.0" />
  <system-out><![CDATA[testAnagramaUnico
testAnagramasSinCoincidencia
testAnagramasTodasCoincidencias
testAnagramasAlgunasCoincidencias
testAnagramasAlgunasCoincidencias
]]></system-out>
  <system-err><![CDATA[]]></system-err>
</testsuite>
